2025-09-04 20:54:17,380 - Adv5G-CLI - INFO - [STARTUP] 5G Adversarial IDS CLI v0.3.0 - Phase 3 - System Integration
2025-09-04 20:54:17,381 - Adv5G-CLI - INFO - [LOGGING] Logging to: logs\adv5g_20250904_205417.log
2025-09-04 20:54:17,387 - Adv5G-CLI - INFO - ✅ Configuration loaded from: configs\baseline.yaml
2025-09-04 20:54:17,389 - Adv5G-CLI - DEBUG - ✅ Model save directory: models
2025-09-04 20:54:17,389 - Adv5G-CLI - INFO - ✅ Configuration validation passed
2025-09-04 20:54:17,390 - Adv5G-CLI - DEBUG - ✅ numpy - OK
2025-09-04 20:54:17,390 - Adv5G-CLI - DEBUG - ✅ pandas - OK
2025-09-04 20:54:17,391 - Adv5G-CLI - DEBUG - ✅ sklearn - OK
2025-09-04 20:54:17,391 - Adv5G-CLI - DEBUG - ✅ joblib - OK
2025-09-04 20:54:17,391 - Adv5G-CLI - DEBUG - ✅ yaml - OK
2025-09-04 20:54:17,392 - Adv5G-CLI - DEBUG - ✅ matplotlib - OK
2025-09-04 20:54:17,392 - Adv5G-CLI - DEBUG - ✅ seaborn - OK
2025-09-04 20:54:17,392 - Adv5G-CLI - DEBUG - ✅ scipy - OK
2025-09-04 20:54:17,392 - Adv5G-CLI - INFO - ✅ All dependencies satisfied
2025-09-04 20:54:17,393 - Adv5G-CLI - INFO - 🚀 EXECUTING UNIVERSAL DATA PROCESSING (MANDATORY FIRST STAGE)
2025-09-04 20:54:17,393 - Adv5G-CLI - INFO - ================================================================================
2025-09-04 20:54:17,394 - Adv5G-CLI - INFO - 🚀 STAGE 0: Universal Data Processing (Mandatory)
2025-09-04 20:54:17,394 - Adv5G-CLI - INFO - ============================================================
2025-09-04 20:54:17,394 - Adv5G-CLI - INFO - ================================================================================
2025-09-04 20:54:17,394 - Adv5G-CLI - INFO - [EXPERIMENT] UNIVERSAL DATA PROCESSING
2025-09-04 20:54:17,395 - Adv5G-CLI - INFO - ================================================================================
2025-09-04 20:54:17,395 - Adv5G-CLI - INFO - [DATA] data/processed
2025-09-04 20:54:17,395 - Adv5G-CLI - INFO - [MODELS] models
2025-09-04 20:54:17,395 - Adv5G-CLI - INFO - [OUTPUT] results\complex_baseline_test
2025-09-04 20:54:17,396 - Adv5G-CLI - INFO - --------------------------------------------------------------------------------
2025-09-04 20:54:17,396 - Adv5G-CLI - INFO - 🔧 Initializing Universal Data Processor...
2025-09-04 20:54:17,396 - Adv5G-CLI - INFO - 📥 Processing data source: data/processed
2025-09-04 20:54:17,396 - Adv5G-CLI - INFO - 🚀 UNIVERSAL DATA PROCESSING STARTED
2025-09-04 20:54:17,397 - Adv5G-CLI - INFO - ============================================================
2025-09-04 20:54:17,397 - Adv5G-CLI - INFO - 📥 STAGE 1: Data Loading and Format Detection
2025-09-04 20:54:17,397 - Adv5G-CLI - INFO - 🔍 Detecting data source type...
2025-09-04 20:54:17,397 - Adv5G-CLI - INFO - 📁 Input: File ()
2025-09-04 20:54:17,398 - Adv5G-CLI - ERROR - ❌ Data processing failed: Unsupported file format: 
2025-09-04 20:54:17,398 - Adv5G-CLI - ERROR - ❌ Universal data processing failed: Unsupported file format: 
2025-09-04 20:54:17,398 - Adv5G-CLI - ERROR - ❌ Universal data processing failed: Unsupported file format: 
2025-09-04 20:54:17,399 - Adv5G-CLI - ERROR - ❌ UNIVERSAL DATA PROCESSING FAILED: Universal data processing failed: Unsupported file format: 
2025-09-04 20:54:17,399 - Adv5G-CLI - ERROR - 🛑 Cannot proceed without properly processed data
